{"C:\\Users\\facil\\OneDrive\\Documentos\\Curso Programacao\\Avaliacao-banco-de-dados-2\\src\\services\\usuario.service.ts": {"path":"C:\\Users\\facil\\OneDrive\\Documentos\\Curso Programacao\\Avaliacao-banco-de-dados-2\\src\\services\\usuario.service.ts","statementMap":{"0":{"start":{"line":3,"column":0},"end":{"line":3,"column":53}},"1":{"start":{"line":4,"column":0},"end":{"line":4,"column":28}},"2":{"start":{"line":5,"column":0},"end":{"line":5,"column":31}},"3":{"start":{"line":6,"column":0},"end":{"line":6,"column":48}},"4":{"start":{"line":14,"column":49},"end":{"line":14,"column":54}},"5":{"start":{"line":16,"column":33},"end":{"line":20,"column":10}},"6":{"start":{"line":22,"column":8},"end":{"line":24,"column":9}},"7":{"start":{"line":23,"column":12},"end":{"line":23,"column":74}},"8":{"start":{"line":26,"column":35},"end":{"line":26,"column":63}},"9":{"start":{"line":28,"column":28},"end":{"line":35,"column":10}},"10":{"start":{"line":37,"column":49},"end":{"line":37,"column":60}},"11":{"start":{"line":37,"column":44},"end":{"line":37,"column":49}},"12":{"start":{"line":38,"column":8},"end":{"line":38,"column":31}},"13":{"start":{"line":42,"column":43},"end":{"line":42,"column":48}},"14":{"start":{"line":44,"column":24},"end":{"line":48,"column":10}},"15":{"start":{"line":50,"column":8},"end":{"line":52,"column":9}},"16":{"start":{"line":51,"column":12},"end":{"line":51,"column":63}},"17":{"start":{"line":54,"column":28},"end":{"line":54,"column":70}},"18":{"start":{"line":56,"column":8},"end":{"line":58,"column":9}},"19":{"start":{"line":57,"column":12},"end":{"line":57,"column":55}},"20":{"start":{"line":61,"column":22},"end":{"line":63,"column":null}},"21":{"start":{"line":66,"column":49},"end":{"line":66,"column":56}},"22":{"start":{"line":66,"column":44},"end":{"line":66,"column":49}},"23":{"start":{"line":67,"column":8},"end":{"line":67,"column":51}},"24":{"start":{"line":70,"column":32},"end":{"line":115,"column":null}},"25":{"start":{"line":71,"column":25},"end":{"line":112,"column":10}},"26":{"start":{"line":114,"column":8},"end":{"line":114,"column":80}},"27":{"start":{"line":114,"column":36},"end":{"line":114,"column":41}},"28":{"start":{"line":114,"column":56},"end":{"line":114,"column":60}},"29":{"start":{"line":114,"column":63},"end":{"line":114,"column":79}},"30":{"start":{"line":118,"column":24},"end":{"line":118,"column":80}},"31":{"start":{"line":119,"column":8},"end":{"line":119,"column":73}},"32":{"start":{"line":119,"column":22},"end":{"line":119,"column":73}},"33":{"start":{"line":120,"column":36},"end":{"line":120,"column":43}},"34":{"start":{"line":120,"column":31},"end":{"line":120,"column":36}},"35":{"start":{"line":121,"column":8},"end":{"line":121,"column":21}},"36":{"start":{"line":125,"column":53},"end":{"line":125,"column":58}},"37":{"start":{"line":127,"column":8},"end":{"line":129,"column":9}},"38":{"start":{"line":128,"column":12},"end":{"line":128,"column":79}},"39":{"start":{"line":131,"column":8},"end":{"line":131,"column":35}},"40":{"start":{"line":133,"column":35},"end":{"line":133,"column":83}},"41":{"start":{"line":135,"column":34},"end":{"line":143,"column":10}},"42":{"start":{"line":145,"column":39},"end":{"line":145,"column":56}},"43":{"start":{"line":145,"column":34},"end":{"line":145,"column":39}},"44":{"start":{"line":146,"column":8},"end":{"line":146,"column":21}},"45":{"start":{"line":150,"column":8},"end":{"line":150,"column":35}},"46":{"start":{"line":152,"column":32},"end":{"line":152,"column":84}},"47":{"start":{"line":153,"column":39},"end":{"line":153,"column":54}},"48":{"start":{"line":153,"column":34},"end":{"line":153,"column":39}},"49":{"start":{"line":154,"column":8},"end":{"line":154,"column":21}},"50":{"start":{"line":11,"column":0},"end":{"line":11,"column":13}}},"fnMap":{"0":{"name":"(anonymous_9)","decl":{"start":{"line":13,"column":17},"end":{"line":13,"column":26}},"loc":{"start":{"line":13,"column":50},"end":{"line":39,"column":null}}},"1":{"name":"(anonymous_11)","decl":{"start":{"line":41,"column":17},"end":{"line":41,"column":22}},"loc":{"start":{"line":41,"column":45},"end":{"line":68,"column":null}}},"2":{"name":"(anonymous_13)","decl":{"start":{"line":70,"column":17},"end":{"line":70,"column":31}},"loc":{"start":{"line":70,"column":31},"end":{"line":115,"column":null}}},"3":{"name":"(anonymous_14)","decl":{"start":{"line":70,"column":32},"end":{"line":70,"column":60}},"loc":{"start":{"line":70,"column":65},"end":{"line":115,"column":5}}},"4":{"name":"(anonymous_15)","decl":{"start":{"line":114,"column":28},"end":{"line":114,"column":29}},"loc":{"start":{"line":114,"column":62},"end":{"line":114,"column":79}}},"5":{"name":"(anonymous_16)","decl":{"start":{"line":117,"column":17},"end":{"line":117,"column":28}},"loc":{"start":{"line":117,"column":39},"end":{"line":122,"column":null}}},"6":{"name":"(anonymous_18)","decl":{"start":{"line":124,"column":17},"end":{"line":124,"column":26}},"loc":{"start":{"line":124,"column":50},"end":{"line":147,"column":null}}},"7":{"name":"(anonymous_20)","decl":{"start":{"line":149,"column":17},"end":{"line":149,"column":24}},"loc":{"start":{"line":149,"column":35},"end":{"line":155,"column":null}}}},"branchMap":{"0":{"loc":{"start":{"line":22,"column":8},"end":{"line":24,"column":9}},"type":"if","locations":[{"start":{"line":22,"column":8},"end":{"line":24,"column":9}},{"start":{},"end":{}}]},"1":{"loc":{"start":{"line":50,"column":8},"end":{"line":52,"column":9}},"type":"if","locations":[{"start":{"line":50,"column":8},"end":{"line":52,"column":9}},{"start":{},"end":{}}]},"2":{"loc":{"start":{"line":56,"column":8},"end":{"line":58,"column":9}},"type":"if","locations":[{"start":{"line":56,"column":8},"end":{"line":58,"column":9}},{"start":{},"end":{}}]},"3":{"loc":{"start":{"line":63,"column":12},"end":{"line":63,"column":57}},"type":"binary-expr","locations":[{"start":{"line":63,"column":12},"end":{"line":63,"column":34}},{"start":{"line":63,"column":38},"end":{"line":63,"column":57}}]},"4":{"loc":{"start":{"line":70,"column":32},"end":{"line":70,"column":65}},"type":"default-arg","locations":[{"start":{"line":70,"column":60},"end":{"line":70,"column":65}}]},"5":{"loc":{"start":{"line":72,"column":21},"end":{"line":111,"column":27}},"type":"cond-expr","locations":[{"start":{"line":73,"column":18},"end":{"line":110,"column":null}},{"start":{"line":111,"column":18},"end":{"line":111,"column":27}}]},"6":{"loc":{"start":{"line":119,"column":8},"end":{"line":119,"column":73}},"type":"if","locations":[{"start":{"line":119,"column":8},"end":{"line":119,"column":73}},{"start":{},"end":{}}]},"7":{"loc":{"start":{"line":127,"column":8},"end":{"line":129,"column":9}},"type":"if","locations":[{"start":{"line":127,"column":8},"end":{"line":129,"column":9}},{"start":{},"end":{}}]},"8":{"loc":{"start":{"line":127,"column":12},"end":{"line":127,"column":50}},"type":"binary-expr","locations":[{"start":{"line":127,"column":12},"end":{"line":127,"column":17}},{"start":{"line":127,"column":21},"end":{"line":127,"column":27}},{"start":{"line":127,"column":31},"end":{"line":127,"column":37}},{"start":{"line":127,"column":41},"end":{"line":127,"column":50}}]},"9":{"loc":{"start":{"line":133,"column":35},"end":{"line":133,"column":83}},"type":"cond-expr","locations":[{"start":{"line":133,"column":43},"end":{"line":133,"column":71}},{"start":{"line":133,"column":74},"end":{"line":133,"column":83}}]}},"s":{"0":1,"1":1,"2":1,"3":1,"4":2,"5":2,"6":2,"7":1,"8":1,"9":1,"10":1,"11":1,"12":1,"13":2,"14":2,"15":2,"16":1,"17":1,"18":1,"19":0,"20":1,"21":1,"22":1,"23":1,"24":1,"25":1,"26":1,"27":2,"28":2,"29":2,"30":6,"31":6,"32":3,"33":3,"34":3,"35":3,"36":3,"37":3,"38":1,"39":2,"40":1,"41":1,"42":1,"43":1,"44":1,"45":2,"46":1,"47":1,"48":1,"49":1,"50":1},"f":{"0":2,"1":2,"2":1,"3":1,"4":2,"5":6,"6":3,"7":2},"b":{"0":[1,1],"1":[1,1],"2":[0,1],"3":[1,1],"4":[1],"5":[0,1],"6":[3,3],"7":[1,2],"8":[3,1,1,1],"9":[1,0]}}
,"C:\\Users\\facil\\OneDrive\\Documentos\\Curso Programacao\\Avaliacao-banco-de-dados-2\\src\\utils\\http.error.ts": {"path":"C:\\Users\\facil\\OneDrive\\Documentos\\Curso Programacao\\Avaliacao-banco-de-dados-2\\src\\utils\\http.error.ts","statementMap":{"0":{"start":{"line":3,"column":8},"end":{"line":3,"column":28}},"1":{"start":{"line":2,"column":23},"end":{"line":2,"column":41}},"2":{"start":{"line":1,"column":0},"end":{"line":1,"column":13}}},"fnMap":{"0":{"name":"(anonymous_0)","decl":{"start":{"line":2,"column":4},"end":{"line":2,"column":23}},"loc":{"start":{"line":2,"column":63},"end":{"line":4,"column":5}}}},"branchMap":{},"s":{"0":9,"1":9,"2":1},"f":{"0":9},"b":{}}
}
