TN:
SF:src\services\tweet.service.ts
FN:8,(anonymous_8)
FN:45,(anonymous_10)
FN:89,(anonymous_12)
FN:89,(anonymous_13)
FN:103,(anonymous_14)
FN:103,(anonymous_15)
FN:123,(anonymous_16)
FN:123,(anonymous_17)
FN:132,(anonymous_18)
FN:175,(anonymous_19)
FN:175,(anonymous_20)
FN:188,(anonymous_21)
FNF:12
FNH:5
FNDA:1,(anonymous_8)
FNDA:0,(anonymous_10)
FNDA:1,(anonymous_12)
FNDA:1,(anonymous_13)
FNDA:2,(anonymous_14)
FNDA:2,(anonymous_15)
FNDA:0,(anonymous_16)
FNDA:0,(anonymous_17)
FNDA:0,(anonymous_18)
FNDA:0,(anonymous_19)
FNDA:0,(anonymous_20)
FNDA:0,(anonymous_21)
DA:2,1
DA:4,1
DA:6,1
DA:9,1
DA:42,1
DA:47,0
DA:48,0
DA:51,0
DA:82,0
DA:83,0
DA:86,0
DA:89,1
DA:91,1
DA:99,1
DA:103,2
DA:104,2
DA:108,2
DA:109,1
DA:112,1
DA:120,1
DA:123,0
DA:124,0
DA:132,0
DA:133,0
DA:135,0
DA:172,0
DA:175,0
DA:177,0
DA:185,0
DA:190,0
DA:192,0
DA:196,0
LF:32
LH:14
BRDA:47,0,0,0
BRDA:47,0,1,0
BRDA:47,1,0,0
BRDA:47,1,1,0
BRDA:47,1,2,0
BRDA:82,2,0,0
BRDA:82,2,1,0
BRDA:82,3,0,0
BRDA:82,3,1,0
BRDA:108,4,0,1
BRDA:108,4,1,1
BRF:11
BRH:2
end_of_record
TN:
SF:src\services\usuario.service.ts
FN:13,(anonymous_9)
FN:41,(anonymous_11)
FN:70,(anonymous_13)
FN:70,(anonymous_14)
FN:114,(anonymous_15)
FN:117,(anonymous_16)
FN:124,(anonymous_18)
FN:149,(anonymous_20)
FNF:8
FNH:8
FNDA:2,(anonymous_9)
FNDA:2,(anonymous_11)
FNDA:1,(anonymous_13)
FNDA:1,(anonymous_14)
FNDA:2,(anonymous_15)
FNDA:6,(anonymous_16)
FNDA:3,(anonymous_18)
FNDA:2,(anonymous_20)
DA:3,1
DA:4,1
DA:5,1
DA:6,1
DA:11,1
DA:14,2
DA:16,2
DA:22,2
DA:23,1
DA:26,1
DA:28,1
DA:37,1
DA:38,1
DA:42,2
DA:44,2
DA:50,2
DA:51,1
DA:54,1
DA:56,1
DA:57,0
DA:61,1
DA:66,1
DA:67,1
DA:70,1
DA:71,1
DA:114,2
DA:118,6
DA:119,6
DA:120,3
DA:121,3
DA:125,3
DA:127,3
DA:128,1
DA:131,2
DA:133,1
DA:135,1
DA:145,1
DA:146,1
DA:150,2
DA:152,1
DA:153,1
DA:154,1
LF:42
LH:41
BRDA:22,0,0,1
BRDA:22,0,1,1
BRDA:50,1,0,1
BRDA:50,1,1,1
BRDA:56,2,0,0
BRDA:56,2,1,1
BRDA:63,3,0,1
BRDA:63,3,1,1
BRDA:70,4,0,1
BRDA:72,5,0,0
BRDA:72,5,1,1
BRDA:119,6,0,3
BRDA:119,6,1,3
BRDA:127,7,0,1
BRDA:127,7,1,2
BRDA:127,8,0,3
BRDA:127,8,1,1
BRDA:127,8,2,1
BRDA:127,8,3,1
BRDA:133,9,0,1
BRDA:133,9,1,0
BRF:21
BRH:18
end_of_record
TN:
SF:src\utils\http.error.ts
FN:2,(anonymous_0)
FNF:1
FNH:1
FNDA:10,(anonymous_0)
DA:1,2
DA:2,10
DA:3,10
LF:3
LH:3
BRF:0
BRH:0
end_of_record
